C51 COMPILER V9.53.0.0   MUSIC                                                             12/02/2014 14:28:24 PAGE 1   


C51 COMPILER V9.53.0.0, COMPILATION OF MODULE MUSIC
OBJECT MODULE PLACED IN music.OBJ
COMPILER INVOKED BY: C:\Keil_v5\C51\BIN\C51.EXE music.c OPTIMIZE(8,SPEED) DEBUG OBJECTEXTEND TABS(2)

line level    source

   1          #include "project2.h"
   2          
   3          //TODO: Actually make these songs
   4          code unsigned int star_hz[42] = {F5, F5, F5, BF5, F6, EF6, D6, C6, BF6, F6, EF6, D6, C6, BF6, F6, EF6, D6,
             - EF6, C6, F5, F5, F5, BF5, F6, EF6, D6, C6, BF6, F6, EF6, D6, C6, BF6, F6, C7, BF6, A6, BF6, BF5, BF5, BF5, BF5};
   5          code unsigned char star_dur[42] = {E3, E3, E3, H, H, E3, E3, E3, H, Q, E3, E3, E3, H, Q, E3, E3, E3, H, E3
             -, E3, E3, H, H, E3, E3, E3, H, Q, E3, E3, E3, H, Q, E3, E3, E3, Q, E3, E3, E3, Q};
   6            
   7          code unsigned int sorc_hz[57] = {F5, C6, C5, D5, E5, F5, AF5, F5, AF5, G5, F5, E5, F5, AF5, F5, AF5, G5, F
             -5, E5, F5, AF5, F5, AF5, G5, F5, G5, AF5, G5, BF5, AF5, G5, B5, F5, AF5, G5, BF5, AF5, G5, B5, F5, AF5, BF5, C6, C6, C6,
             - C6, D6, E6, F6, E6, F6, G6, C6, D6, E6, F6, F5};
   8          code unsigned char sorc_dur[57] = {DQ, DQ, E, E, E, Q, E, Q, E, E, E, E, Q, E, Q, E, E, E, E, Q, E, E, E, 
             -E, E, E, E, E, E, E, Q, E, Q, E, E, E, E, Q, E, E, E, E, E, E, E, E, E, E, E, E, E, DQ, E, E, E, DQ, DQ};
   9          
  10          code unsigned int poke_hz[1] = {1000};
  11          code unsigned char poke_dur[1] = {Q};
  12            
  13          code unsigned char notes[3] = {42, 57, 1};
  14          
  15          bool playSong(Song s)
  16          {
  17   1        bool x = true;
  18   1        switch (s)
  19   1        {
  20   2          case STAR:
  21   2            x = play_song(star_hz, star_dur, notes[1]);
  22   2            break;
  23   2            
  24   2          case SORC:
  25   2            x = play_song(sorc_hz, sorc_dur, notes[1]);
  26   2            break;
  27   2            
  28   2          case POKE:
  29   2            x = play_song(poke_hz, poke_dur, notes[2]);
  30   2            break;
  31   2        }
  32   1        return x;
  33   1      }
  34          
  35          bool play_song(unsigned int hz[], unsigned char dur[], unsigned char length)
  36          {
  37   1        unsigned char i;
  38   1        bool x;
  39   1        for (i = 0; i < length; ++i)
  40   1        {
  41   2          x = play_note(hz[i], dur[i]);
  42   2          if (x == false)
  43   2            return false;
  44   2        }
  45   1        return true;
  46   1      }
  47          
  48          bool play_note(unsigned int hz, unsigned char dur)
  49          {
  50   1        unsigned int i, time;
C51 COMPILER V9.53.0.0   MUSIC                                                             12/02/2014 14:28:24 PAGE 2   

  51   1        unsigned char high, low;
  52   1        
  53   1        time = hz * dur / 18;
  54   1        i = 307125 / hz;
  55   1        high = i / 256;
  56   1        low = i % 256;
  57   1        
  58   1        TMOD = TMOD & 0xf0;
  59   1        TMOD = TMOD | 0x01;
  60   1        
  61   1        for (i = 0; i < time; ++i)
  62   1        {
  63   2          TH0 = high;
  64   2          TL0 = low;
  65   2          TR0 = 1;
  66   2          while (TF0 == 0)
  67   2          {
  68   3            //TODO: Verify if this button choice works
  69   3            if(SW9 == 0)
  70   3              return false;
  71   3          }
  72   2          TR0 = 0;
  73   2          TF0 = 0;
  74   2          SPK = ~SPK;
  75   2        }
  76   1        return true;
  77   1      }


MODULE INFORMATION:   STATIC OVERLAYABLE
   CODE SIZE        =    257    ----
   CONSTANT SIZE    =    303    ----
   XDATA SIZE       =   ----    ----
   PDATA SIZE       =   ----    ----
   DATA SIZE        =   ----      10
   IDATA SIZE       =   ----    ----
   BIT SIZE         =   ----    ----
END OF MODULE INFORMATION.


C51 COMPILATION COMPLETE.  0 WARNING(S),  0 ERROR(S)
