C51 COMPILER V9.53.0.0   PROJECT2CODE                                                      11/28/2014 11:14:50 PAGE 1   


C51 COMPILER V9.53.0.0, COMPILATION OF MODULE PROJECT2CODE
OBJECT MODULE PLACED IN Project2Code.OBJ
COMPILER INVOKED BY: C:\Keil_v5\C51\BIN\C51.EXE Project2Code.c OPTIMIZE(8,SPEED) DEBUG OBJECTEXTEND TABS(2)

line level    source

   1          #include "project2.h"
   2          
   3          void test() interrupt 2
   4          {
   5   1        transmit("interrupt", 9);
   6   1        return;
   7   1      }
   8          
   9          int main()
  10          {
  11   1        int mode = 0;
  12   1        P2M1 = 0;
  13   1        P1M1 = 0;
  14   1        P0M1 = 0;
  15   1      
  16   1        EA = 1;
  17   1        EX0 = 1;
  18   1        EX1 = 1;
  19   1      
  20   1        transmit("song 1", 6);
  21   1        transmit("song 2", 6);
  22   1      
  23   1        while(1);
  24   1      
  25   1        return 0;
  26   1      }
*** WARNING C294 IN LINE 25 OF Project2Code.c: unreachable code


MODULE INFORMATION:   STATIC OVERLAYABLE
   CODE SIZE        =    113    ----
   CONSTANT SIZE    =     24    ----
   XDATA SIZE       =   ----    ----
   PDATA SIZE       =   ----    ----
   DATA SIZE        =   ----       2
   IDATA SIZE       =   ----    ----
   BIT SIZE         =   ----    ----
END OF MODULE INFORMATION.


C51 COMPILATION COMPLETE.  1 WARNING(S),  0 ERROR(S)
